d:\esgi\opengl\debug\maths.pch
d:\esgi\opengl\debug\vc143.pdb
d:\esgi\opengl\debug\vc143.idb
d:\esgi\opengl\debug\stdafx.obj
d:\esgi\opengl\debug\main.obj
c:\users\nmartin5\desktop\opengl\debug\maths.exe
c:\users\nmartin5\desktop\opengl\debug\maths.ilk
c:\users\nmartin5\desktop\opengl\debug\maths.pdb
d:\esgi\opengl\debug\maths.exe
d:\esgi\opengl\debug\maths.ilk
d:\esgi\opengl\debug\maths.pdb
d:\esgi\chaikin-glut-algorithm\debug\main.obj
d:\esgi\chaikin-glut-algorithm\debug\stdafx.obj
d:\esgi\chaikin-glut-algorithm\debug\maths.ilk
d:\esgi\chaikin-glut-algorithm\debug\maths.pch
d:\esgi\chaikin-glut-algorithm\debug\vc142.idb
d:\esgi\chaikin-glut-algorithm\debug\vc143.idb
d:\esgi\chaikin-glut-algorithm\debug\maths.pdb
d:\esgi\chaikin-glut-algorithm\debug\vc142.pdb
d:\esgi\chaikin-glut-algorithm\debug\vc143.pdb
d:\esgi\chaikin-glut-algorithm\debug\maths.exe
d:\esgi\chaikin-glut-algorithm\debug\maths.tlog\cl.command.1.tlog
d:\esgi\chaikin-glut-algorithm\debug\maths.tlog\cl.read.1.tlog
d:\esgi\chaikin-glut-algorithm\debug\maths.tlog\cl.write.1.tlog
d:\esgi\chaikin-glut-algorithm\debug\maths.tlog\link.command.1.tlog
d:\esgi\chaikin-glut-algorithm\debug\maths.tlog\link.read.1.tlog
d:\esgi\chaikin-glut-algorithm\debug\maths.tlog\link.write.1.tlog
